{"C:\\Users\\pc\\OneDrive\\Desktop\\Speed-Rail\\FrontEnd\\app\\home\\index.tsx": {"path":"C:\\Users\\pc\\OneDrive\\Desktop\\Speed-Rail\\FrontEnd\\app\\home\\index.tsx","statementMap":{"0":{"start":{"line":9,"column":17},"end":{"line":9,"column":28}},"1":{"start":{"line":11,"column":40},"end":{"line":11,"column":51}},"2":{"start":{"line":12,"column":38},"end":{"line":12,"column":74}},"3":{"start":{"line":13,"column":24},"end":{"line":13,"column":61}},"4":{"start":{"line":14,"column":40},"end":{"line":14,"column":51}},"5":{"start":{"line":16,"column":42},"end":{"line":16,"column":101}},"6":{"start":{"line":17,"column":44},"end":{"line":17,"column":121}},"7":{"start":{"line":18,"column":54},"end":{"line":18,"column":93}},"8":{"start":{"line":20,"column":28},"end":{"line":20,"column":47}},"9":{"start":{"line":21,"column":42},"end":{"line":21,"column":57}},"10":{"start":{"line":22,"column":38},"end":{"line":22,"column":72}},"11":{"start":{"line":25,"column":39},"end":{"line":30,"column":3}},"12":{"start":{"line":32,"column":39},"end":{"line":35,"column":3}},"13":{"start":{"line":37,"column":37},"end":{"line":54,"column":3}},"14":{"start":{"line":56,"column":38},"end":{"line":65,"column":3}},"15":{"start":{"line":67,"column":44},"end":{"line":81,"column":4}},"16":{"start":{"line":83,"column":22},"end":{"line":94,"column":3}},"17":{"start":{"line":84,"column":4},"end":{"line":93,"column":5}},"18":{"start":{"line":85,"column":6},"end":{"line":85,"column":37}},"19":{"start":{"line":87,"column":6},"end":{"line":87,"column":24}},"20":{"start":{"line":88,"column":6},"end":{"line":92,"column":17}},"21":{"start":{"line":96,"column":28},"end":{"line":101,"column":3}},"22":{"start":{"line":99,"column":4},"end":{"line":99,"column":26}},"23":{"start":{"line":100,"column":4},"end":{"line":100,"column":30}},"24":{"start":{"line":103,"column":23},"end":{"line":123,"column":3}},"25":{"start":{"line":104,"column":4},"end":{"line":121,"column":7}},"26":{"start":{"line":105,"column":19},"end":{"line":105,"column":36}},"27":{"start":{"line":106,"column":6},"end":{"line":120,"column":7}},"28":{"start":{"line":108,"column":27},"end":{"line":108,"column":42}},"29":{"start":{"line":109,"column":10},"end":{"line":109,"column":48}},"30":{"start":{"line":110,"column":10},"end":{"line":110,"column":34}},"31":{"start":{"line":111,"column":10},"end":{"line":111,"column":22}},"32":{"start":{"line":113,"column":10},"end":{"line":113,"column":79}},"33":{"start":{"line":115,"column":10},"end":{"line":115,"column":90}},"34":{"start":{"line":117,"column":10},"end":{"line":117,"column":79}},"35":{"start":{"line":119,"column":10},"end":{"line":119,"column":22}},"36":{"start":{"line":122,"column":4},"end":{"line":122,"column":27}},"37":{"start":{"line":125,"column":2},"end":{"line":446,"column":4}},"38":{"start":{"line":166,"column":14},"end":{"line":189,"column":21}},"39":{"start":{"line":170,"column":32},"end":{"line":170,"column":62}},"40":{"start":{"line":171,"column":18},"end":{"line":171,"column":67}},"41":{"start":{"line":171,"column":45},"end":{"line":171,"column":67}},"42":{"start":{"line":177,"column":33},"end":{"line":177,"column":47}},"43":{"start":{"line":202,"column":18},"end":{"line":205,"column":20}},"44":{"start":{"line":209,"column":18},"end":{"line":209,"column":80}},"45":{"start":{"line":224,"column":18},"end":{"line":227,"column":20}},"46":{"start":{"line":231,"column":18},"end":{"line":231,"column":84}},"47":{"start":{"line":242,"column":29},"end":{"line":242,"column":60}},"48":{"start":{"line":262,"column":18},"end":{"line":265,"column":20}},"49":{"start":{"line":269,"column":18},"end":{"line":269,"column":82}},"50":{"start":{"line":280,"column":33},"end":{"line":280,"column":65}},"51":{"start":{"line":280,"column":66},"end":{"line":280,"column":96}},"52":{"start":{"line":290,"column":33},"end":{"line":290,"column":65}},"53":{"start":{"line":290,"column":66},"end":{"line":290,"column":96}},"54":{"start":{"line":316,"column":33},"end":{"line":316,"column":63}},"55":{"start":{"line":337,"column":16},"end":{"line":337,"column":38}},"56":{"start":{"line":338,"column":16},"end":{"line":338,"column":39}},"57":{"start":{"line":341,"column":16},"end":{"line":347,"column":18}},"58":{"start":{"line":356,"column":113},"end":{"line":356,"column":143}},"59":{"start":{"line":360,"column":91},"end":{"line":360,"column":119}},"60":{"start":{"line":384,"column":32},"end":{"line":384,"column":52}},"61":{"start":{"line":385,"column":20},"end":{"line":385,"column":63}},"62":{"start":{"line":385,"column":49},"end":{"line":385,"column":63}},"63":{"start":{"line":386,"column":20},"end":{"line":386,"column":43}},"64":{"start":{"line":389,"column":32},"end":{"line":389,"column":52}},"65":{"start":{"line":390,"column":20},"end":{"line":390,"column":63}},"66":{"start":{"line":390,"column":49},"end":{"line":390,"column":63}},"67":{"start":{"line":391,"column":20},"end":{"line":391,"column":43}},"68":{"start":{"line":399,"column":18},"end":{"line":399,"column":50}},"69":{"start":{"line":400,"column":18},"end":{"line":400,"column":40}},"70":{"start":{"line":412,"column":31},"end":{"line":412,"column":57}},"71":{"start":{"line":412,"column":48},"end":{"line":412,"column":56}},"72":{"start":{"line":418,"column":31},"end":{"line":418,"column":74}},"73":{"start":{"line":418,"column":49},"end":{"line":418,"column":72}},"74":{"start":{"line":440,"column":23},"end":{"line":440,"column":45}}},"fnMap":{"0":{"name":"HomeScreen","decl":{"start":{"line":8,"column":24},"end":{"line":8,"column":34}},"loc":{"start":{"line":8,"column":37},"end":{"line":447,"column":1}},"line":8},"1":{"name":"(anonymous_1)","decl":{"start":{"line":83,"column":22},"end":{"line":83,"column":23}},"loc":{"start":{"line":83,"column":37},"end":{"line":94,"column":3}},"line":83},"2":{"name":"(anonymous_2)","decl":{"start":{"line":96,"column":28},"end":{"line":96,"column":29}},"loc":{"start":{"line":98,"column":7},"end":{"line":101,"column":3}},"line":98},"3":{"name":"(anonymous_3)","decl":{"start":{"line":103,"column":23},"end":{"line":103,"column":24}},"loc":{"start":{"line":103,"column":110},"end":{"line":123,"column":3}},"line":103},"4":{"name":"(anonymous_4)","decl":{"start":{"line":104,"column":21},"end":{"line":104,"column":22}},"loc":{"start":{"line":104,"column":29},"end":{"line":121,"column":5}},"line":104},"5":{"name":"(anonymous_5)","decl":{"start":{"line":165,"column":30},"end":{"line":165,"column":31}},"loc":{"start":{"line":166,"column":14},"end":{"line":189,"column":21}},"line":166},"6":{"name":"(anonymous_6)","decl":{"start":{"line":169,"column":26},"end":{"line":169,"column":27}},"loc":{"start":{"line":169,"column":37},"end":{"line":172,"column":17}},"line":169},"7":{"name":"(anonymous_7)","decl":{"start":{"line":177,"column":27},"end":{"line":177,"column":28}},"loc":{"start":{"line":177,"column":33},"end":{"line":177,"column":47}},"line":177},"8":{"name":"(anonymous_8)","decl":{"start":{"line":201,"column":26},"end":{"line":201,"column":27}},"loc":{"start":{"line":202,"column":18},"end":{"line":205,"column":20}},"line":202},"9":{"name":"(anonymous_9)","decl":{"start":{"line":208,"column":26},"end":{"line":208,"column":27}},"loc":{"start":{"line":209,"column":18},"end":{"line":209,"column":80}},"line":209},"10":{"name":"(anonymous_10)","decl":{"start":{"line":223,"column":26},"end":{"line":223,"column":27}},"loc":{"start":{"line":224,"column":18},"end":{"line":227,"column":20}},"line":224},"11":{"name":"(anonymous_11)","decl":{"start":{"line":230,"column":26},"end":{"line":230,"column":27}},"loc":{"start":{"line":231,"column":18},"end":{"line":231,"column":84}},"line":231},"12":{"name":"(anonymous_12)","decl":{"start":{"line":242,"column":23},"end":{"line":242,"column":24}},"loc":{"start":{"line":242,"column":29},"end":{"line":242,"column":60}},"line":242},"13":{"name":"(anonymous_13)","decl":{"start":{"line":261,"column":26},"end":{"line":261,"column":27}},"loc":{"start":{"line":262,"column":18},"end":{"line":265,"column":20}},"line":262},"14":{"name":"(anonymous_14)","decl":{"start":{"line":268,"column":26},"end":{"line":268,"column":27}},"loc":{"start":{"line":269,"column":18},"end":{"line":269,"column":82}},"line":269},"15":{"name":"(anonymous_15)","decl":{"start":{"line":280,"column":25},"end":{"line":280,"column":26}},"loc":{"start":{"line":280,"column":31},"end":{"line":280,"column":98}},"line":280},"16":{"name":"(anonymous_16)","decl":{"start":{"line":290,"column":25},"end":{"line":290,"column":26}},"loc":{"start":{"line":290,"column":31},"end":{"line":290,"column":98}},"line":290},"17":{"name":"(anonymous_17)","decl":{"start":{"line":316,"column":27},"end":{"line":316,"column":28}},"loc":{"start":{"line":316,"column":33},"end":{"line":316,"column":63}},"line":316},"18":{"name":"(anonymous_18)","decl":{"start":{"line":336,"column":23},"end":{"line":336,"column":24}},"loc":{"start":{"line":336,"column":29},"end":{"line":339,"column":15}},"line":336},"19":{"name":"(anonymous_19)","decl":{"start":{"line":340,"column":28},"end":{"line":340,"column":29}},"loc":{"start":{"line":341,"column":16},"end":{"line":347,"column":18}},"line":341},"20":{"name":"(anonymous_20)","decl":{"start":{"line":356,"column":107},"end":{"line":356,"column":108}},"loc":{"start":{"line":356,"column":113},"end":{"line":356,"column":143}},"line":356},"21":{"name":"(anonymous_21)","decl":{"start":{"line":360,"column":85},"end":{"line":360,"column":86}},"loc":{"start":{"line":360,"column":91},"end":{"line":360,"column":119}},"line":360},"22":{"name":"(anonymous_22)","decl":{"start":{"line":383,"column":26},"end":{"line":383,"column":27}},"loc":{"start":{"line":383,"column":32},"end":{"line":387,"column":19}},"line":383},"23":{"name":"(anonymous_23)","decl":{"start":{"line":388,"column":35},"end":{"line":388,"column":36}},"loc":{"start":{"line":388,"column":41},"end":{"line":392,"column":19}},"line":388},"24":{"name":"(anonymous_24)","decl":{"start":{"line":398,"column":25},"end":{"line":398,"column":26}},"loc":{"start":{"line":398,"column":31},"end":{"line":401,"column":17}},"line":398},"25":{"name":"(anonymous_25)","decl":{"start":{"line":412,"column":25},"end":{"line":412,"column":26}},"loc":{"start":{"line":412,"column":31},"end":{"line":412,"column":57}},"line":412},"26":{"name":"(anonymous_26)","decl":{"start":{"line":412,"column":40},"end":{"line":412,"column":41}},"loc":{"start":{"line":412,"column":48},"end":{"line":412,"column":56}},"line":412},"27":{"name":"(anonymous_27)","decl":{"start":{"line":418,"column":25},"end":{"line":418,"column":26}},"loc":{"start":{"line":418,"column":31},"end":{"line":418,"column":74}},"line":418},"28":{"name":"(anonymous_28)","decl":{"start":{"line":418,"column":40},"end":{"line":418,"column":41}},"loc":{"start":{"line":418,"column":49},"end":{"line":418,"column":72}},"line":418},"29":{"name":"(anonymous_29)","decl":{"start":{"line":440,"column":17},"end":{"line":440,"column":18}},"loc":{"start":{"line":440,"column":23},"end":{"line":440,"column":45}},"line":440}},"branchMap":{"0":{"loc":{"start":{"line":84,"column":4},"end":{"line":93,"column":5}},"type":"if","locations":[{"start":{"line":84,"column":4},"end":{"line":93,"column":5}},{"start":{"line":86,"column":11},"end":{"line":93,"column":5}}],"line":84},"1":{"loc":{"start":{"line":106,"column":6},"end":{"line":120,"column":7}},"type":"switch","locations":[{"start":{"line":107,"column":8},"end":{"line":111,"column":22}},{"start":{"line":112,"column":8},"end":{"line":113,"column":79}},{"start":{"line":114,"column":8},"end":{"line":115,"column":90}},{"start":{"line":116,"column":8},"end":{"line":117,"column":79}},{"start":{"line":118,"column":8},"end":{"line":119,"column":22}}],"line":106},"2":{"loc":{"start":{"line":151,"column":13},"end":{"line":163,"column":13}},"type":"binary-expr","locations":[{"start":{"line":151,"column":13},"end":{"line":151,"column":28}},{"start":{"line":152,"column":14},"end":{"line":162,"column":16}}],"line":151},"3":{"loc":{"start":{"line":171,"column":18},"end":{"line":171,"column":67}},"type":"if","locations":[{"start":{"line":171,"column":18},"end":{"line":171,"column":67}},{"start":{},"end":{}}],"line":171},"4":{"loc":{"start":{"line":179,"column":19},"end":{"line":187,"column":19}},"type":"cond-expr","locations":[{"start":{"line":180,"column":20},"end":{"line":180,"column":89}},{"start":{"line":182,"column":20},"end":{"line":186,"column":22}}],"line":179},"5":{"loc":{"start":{"line":209,"column":34},"end":{"line":209,"column":79}},"type":"cond-expr","locations":[{"start":{"line":209,"column":63},"end":{"line":209,"column":67}},{"start":{"line":209,"column":70},"end":{"line":209,"column":79}}],"line":209},"6":{"loc":{"start":{"line":231,"column":34},"end":{"line":231,"column":83}},"type":"cond-expr","locations":[{"start":{"line":231,"column":65},"end":{"line":231,"column":69}},{"start":{"line":231,"column":72},"end":{"line":231,"column":83}}],"line":231},"7":{"loc":{"start":{"line":249,"column":17},"end":{"line":249,"column":73}},"type":"binary-expr","locations":[{"start":{"line":249,"column":17},"end":{"line":249,"column":53}},{"start":{"line":249,"column":57},"end":{"line":249,"column":73}}],"line":249},"8":{"loc":{"start":{"line":269,"column":34},"end":{"line":269,"column":81}},"type":"cond-expr","locations":[{"start":{"line":269,"column":64},"end":{"line":269,"column":68}},{"start":{"line":269,"column":71},"end":{"line":269,"column":81}}],"line":269},"9":{"loc":{"start":{"line":284,"column":47},"end":{"line":284,"column":93}},"type":"binary-expr","locations":[{"start":{"line":284,"column":47},"end":{"line":284,"column":80}},{"start":{"line":284,"column":84},"end":{"line":284,"column":93}}],"line":284},"10":{"loc":{"start":{"line":293,"column":18},"end":{"line":293,"column":102}},"type":"cond-expr","locations":[{"start":{"line":293,"column":68},"end":{"line":293,"column":85}},{"start":{"line":293,"column":88},"end":{"line":293,"column":102}}],"line":293},"11":{"loc":{"start":{"line":299,"column":20},"end":{"line":299,"column":98}},"type":"cond-expr","locations":[{"start":{"line":299,"column":70},"end":{"line":299,"column":82}},{"start":{"line":299,"column":85},"end":{"line":299,"column":98}}],"line":299},"12":{"loc":{"start":{"line":302,"column":36},"end":{"line":302,"column":118}},"type":"cond-expr","locations":[{"start":{"line":302,"column":86},"end":{"line":302,"column":102}},{"start":{"line":302,"column":105},"end":{"line":302,"column":118}}],"line":302},"13":{"loc":{"start":{"line":303,"column":19},"end":{"line":303,"column":65}},"type":"binary-expr","locations":[{"start":{"line":303,"column":19},"end":{"line":303,"column":52}},{"start":{"line":303,"column":56},"end":{"line":303,"column":65}}],"line":303},"14":{"loc":{"start":{"line":320,"column":49},"end":{"line":320,"column":97}},"type":"binary-expr","locations":[{"start":{"line":320,"column":49},"end":{"line":320,"column":85}},{"start":{"line":320,"column":89},"end":{"line":320,"column":97}}],"line":320},"15":{"loc":{"start":{"line":375,"column":13},"end":{"line":407,"column":13}},"type":"cond-expr","locations":[{"start":{"line":376,"column":14},"end":{"line":395,"column":21}},{"start":{"line":397,"column":14},"end":{"line":406,"column":33}}],"line":375},"16":{"loc":{"start":{"line":385,"column":20},"end":{"line":385,"column":63}},"type":"if","locations":[{"start":{"line":385,"column":20},"end":{"line":385,"column":63}},{"start":{},"end":{}}],"line":385},"17":{"loc":{"start":{"line":385,"column":24},"end":{"line":385,"column":47}},"type":"binary-expr","locations":[{"start":{"line":385,"column":24},"end":{"line":385,"column":35}},{"start":{"line":385,"column":39},"end":{"line":385,"column":47}}],"line":385},"18":{"loc":{"start":{"line":390,"column":20},"end":{"line":390,"column":63}},"type":"if","locations":[{"start":{"line":390,"column":20},"end":{"line":390,"column":63}},{"start":{},"end":{}}],"line":390},"19":{"loc":{"start":{"line":390,"column":24},"end":{"line":390,"column":47}},"type":"binary-expr","locations":[{"start":{"line":390,"column":24},"end":{"line":390,"column":35}},{"start":{"line":390,"column":39},"end":{"line":390,"column":47}}],"line":390},"20":{"loc":{"start":{"line":418,"column":49},"end":{"line":418,"column":72}},"type":"cond-expr","locations":[{"start":{"line":418,"column":60},"end":{"line":418,"column":68}},{"start":{"line":418,"column":71},"end":{"line":418,"column":72}}],"line":418},"21":{"loc":{"start":{"line":428,"column":5},"end":{"line":443,"column":5}},"type":"binary-expr","locations":[{"start":{"line":428,"column":5},"end":{"line":428,"column":18}},{"start":{"line":429,"column":6},"end":{"line":442,"column":8}}],"line":428},"22":{"loc":{"start":{"line":432,"column":10},"end":{"line":438,"column":27}},"type":"cond-expr","locations":[{"start":{"line":433,"column":14},"end":{"line":433,"column":28}},{"start":{"line":434,"column":14},"end":{"line":438,"column":27}}],"line":432},"23":{"loc":{"start":{"line":434,"column":14},"end":{"line":438,"column":27}},"type":"cond-expr","locations":[{"start":{"line":435,"column":14},"end":{"line":435,"column":28}},{"start":{"line":436,"column":14},"end":{"line":438,"column":27}}],"line":434},"24":{"loc":{"start":{"line":436,"column":14},"end":{"line":438,"column":27}},"type":"cond-expr","locations":[{"start":{"line":437,"column":14},"end":{"line":437,"column":26}},{"start":{"line":438,"column":14},"end":{"line":438,"column":27}}],"line":436}},"s":{"0":225,"1":225,"2":225,"3":225,"4":225,"5":225,"6":225,"7":225,"8":225,"9":225,"10":225,"11":225,"12":225,"13":225,"14":225,"15":225,"16":225,"17":19,"18":7,"19":12,"20":12,"21":225,"22":22,"23":22,"24":225,"25":16,"26":16,"27":16,"28":4,"29":4,"30":4,"31":4,"32":3,"33":4,"34":4,"35":1,"36":16,"37":225,"38":900,"39":4,"40":4,"41":3,"42":19,"43":3,"44":13,"45":1,"46":7,"47":8,"48":3,"49":8,"50":5,"51":5,"52":2,"53":2,"54":7,"55":4,"56":4,"57":10,"58":1,"59":1,"60":2,"61":2,"62":1,"63":2,"64":3,"65":3,"66":2,"67":3,"68":7,"69":7,"70":9,"71":9,"72":3,"73":3,"74":1},"f":{"0":225,"1":19,"2":22,"3":16,"4":16,"5":900,"6":4,"7":19,"8":3,"9":13,"10":1,"11":7,"12":8,"13":3,"14":8,"15":5,"16":2,"17":7,"18":4,"19":10,"20":1,"21":1,"22":2,"23":3,"24":7,"25":9,"26":9,"27":3,"28":3,"29":1},"b":{"0":[7,12],"1":[4,3,4,4,1],"2":[225,3],"3":[3,1],"4":[13,887],"5":[2,11],"6":[1,6],"7":[225,217],"8":[1,7],"9":[225,219],"10":[219,6],"11":[219,6],"12":[219,6],"13":[225,224],"14":[225,220],"15":[13,212],"16":[1,1],"17":[2,1],"18":[2,1],"19":[3,3],"20":[2,1],"21":[225,32],"22":[10,22],"23":[8,14],"24":[7,7]},"_coverageSchema":"1a1c01bbd47fc00a2c39e90264f33305004495a9","hash":"24dfecdc09f333868a3c315cf0ed78d3481d22cc"}
,"C:\\Users\\pc\\OneDrive\\Desktop\\Speed-Rail\\FrontEnd\\app\\home\\layout.tsx": {"path":"C:\\Users\\pc\\OneDrive\\Desktop\\Speed-Rail\\FrontEnd\\app\\home\\layout.tsx","statementMap":{"0":{"start":{"line":7,"column":17},"end":{"line":7,"column":28}},"1":{"start":{"line":8,"column":42},"end":{"line":8,"column":77}},"2":{"start":{"line":10,"column":2},"end":{"line":77,"column":4}},"3":{"start":{"line":20,"column":29},"end":{"line":20,"column":52}},"4":{"start":{"line":35,"column":18},"end":{"line":48,"column":37}},"5":{"start":{"line":38,"column":35},"end":{"line":38,"column":54}},"6":{"start":{"line":69,"column":29},"end":{"line":69,"column":52}}},"fnMap":{"0":{"name":"LayoutScreen","decl":{"start":{"line":6,"column":24},"end":{"line":6,"column":36}},"loc":{"start":{"line":6,"column":39},"end":{"line":78,"column":1}},"line":6},"1":{"name":"(anonymous_1)","decl":{"start":{"line":20,"column":23},"end":{"line":20,"column":24}},"loc":{"start":{"line":20,"column":29},"end":{"line":20,"column":52}},"line":20},"2":{"name":"(anonymous_2)","decl":{"start":{"line":34,"column":31},"end":{"line":34,"column":32}},"loc":{"start":{"line":35,"column":18},"end":{"line":48,"column":37}},"line":35},"3":{"name":"(anonymous_3)","decl":{"start":{"line":38,"column":29},"end":{"line":38,"column":30}},"loc":{"start":{"line":38,"column":35},"end":{"line":38,"column":54}},"line":38},"4":{"name":"(anonymous_4)","decl":{"start":{"line":45,"column":30},"end":{"line":45,"column":31}},"loc":{"start":{"line":45,"column":36},"end":{"line":45,"column":38}},"line":45},"5":{"name":"(anonymous_5)","decl":{"start":{"line":46,"column":32},"end":{"line":46,"column":33}},"loc":{"start":{"line":46,"column":38},"end":{"line":46,"column":40}},"line":46},"6":{"name":"(anonymous_6)","decl":{"start":{"line":69,"column":23},"end":{"line":69,"column":24}},"loc":{"start":{"line":69,"column":29},"end":{"line":69,"column":52}},"line":69}},"branchMap":{"0":{"loc":{"start":{"line":40,"column":38},"end":{"line":40,"column":67}},"type":"cond-expr","locations":[{"start":{"line":40,"column":60},"end":{"line":40,"column":61}},{"start":{"line":40,"column":64},"end":{"line":40,"column":67}}],"line":40}},"s":{"0":0,"1":0,"2":0,"3":0,"4":0,"5":0,"6":0},"f":{"0":0,"1":0,"2":0,"3":0,"4":0,"5":0,"6":0},"b":{"0":[0,0]}}
,"C:\\Users\\pc\\OneDrive\\Desktop\\Speed-Rail\\FrontEnd\\app\\home\\save.tsx": {"path":"C:\\Users\\pc\\OneDrive\\Desktop\\Speed-Rail\\FrontEnd\\app\\home\\save.tsx","statementMap":{"0":{"start":{"line":7,"column":17},"end":{"line":7,"column":28}},"1":{"start":{"line":8,"column":42},"end":{"line":8,"column":77}},"2":{"start":{"line":10,"column":2},"end":{"line":67,"column":4}},"3":{"start":{"line":20,"column":29},"end":{"line":20,"column":52}},"4":{"start":{"line":35,"column":18},"end":{"line":48,"column":37}},"5":{"start":{"line":38,"column":35},"end":{"line":38,"column":54}},"6":{"start":{"line":59,"column":29},"end":{"line":59,"column":52}}},"fnMap":{"0":{"name":"UserSave","decl":{"start":{"line":6,"column":24},"end":{"line":6,"column":32}},"loc":{"start":{"line":6,"column":35},"end":{"line":68,"column":1}},"line":6},"1":{"name":"(anonymous_1)","decl":{"start":{"line":20,"column":23},"end":{"line":20,"column":24}},"loc":{"start":{"line":20,"column":29},"end":{"line":20,"column":52}},"line":20},"2":{"name":"(anonymous_2)","decl":{"start":{"line":34,"column":31},"end":{"line":34,"column":32}},"loc":{"start":{"line":35,"column":18},"end":{"line":48,"column":37}},"line":35},"3":{"name":"(anonymous_3)","decl":{"start":{"line":38,"column":29},"end":{"line":38,"column":30}},"loc":{"start":{"line":38,"column":35},"end":{"line":38,"column":54}},"line":38},"4":{"name":"(anonymous_4)","decl":{"start":{"line":45,"column":30},"end":{"line":45,"column":31}},"loc":{"start":{"line":45,"column":36},"end":{"line":45,"column":38}},"line":45},"5":{"name":"(anonymous_5)","decl":{"start":{"line":46,"column":32},"end":{"line":46,"column":33}},"loc":{"start":{"line":46,"column":38},"end":{"line":46,"column":40}},"line":46},"6":{"name":"(anonymous_6)","decl":{"start":{"line":59,"column":23},"end":{"line":59,"column":24}},"loc":{"start":{"line":59,"column":29},"end":{"line":59,"column":52}},"line":59}},"branchMap":{"0":{"loc":{"start":{"line":40,"column":38},"end":{"line":40,"column":67}},"type":"cond-expr","locations":[{"start":{"line":40,"column":60},"end":{"line":40,"column":61}},{"start":{"line":40,"column":64},"end":{"line":40,"column":67}}],"line":40}},"s":{"0":8,"1":8,"2":8,"3":1,"4":24,"5":3,"6":1},"f":{"0":8,"1":1,"2":24,"3":3,"4":1,"5":1,"6":1},"b":{"0":[3,21]},"_coverageSchema":"1a1c01bbd47fc00a2c39e90264f33305004495a9","hash":"cb5410bb72bcdb954c04ce3e8863e11150e64e6b"}
,"C:\\Users\\pc\\OneDrive\\Desktop\\Speed-Rail\\FrontEnd\\app\\onboarding\\index.tsx": {"path":"C:\\Users\\pc\\OneDrive\\Desktop\\Speed-Rail\\FrontEnd\\app\\onboarding\\index.tsx","statementMap":{"0":{"start":{"line":6,"column":14},"end":{"line":25,"column":1}},"1":{"start":{"line":28,"column":17},"end":{"line":28,"column":28}},"2":{"start":{"line":29,"column":28},"end":{"line":29,"column":39}},"3":{"start":{"line":30,"column":22},"end":{"line":30,"column":49}},"4":{"start":{"line":32,"column":21},"end":{"line":35,"column":3}},"5":{"start":{"line":33,"column":4},"end":{"line":33,"column":60}},"6":{"start":{"line":34,"column":4},"end":{"line":34,"column":28}},"7":{"start":{"line":37,"column":2},"end":{"line":120,"column":4}},"8":{"start":{"line":56,"column":36},"end":{"line":56,"column":48}},"9":{"start":{"line":57,"column":42},"end":{"line":61,"column":13}},"10":{"start":{"line":64,"column":24},"end":{"line":64,"column":53}},"11":{"start":{"line":65,"column":31},"end":{"line":67,"column":15}},"12":{"start":{"line":68,"column":14},"end":{"line":68,"column":33}},"13":{"start":{"line":71,"column":14},"end":{"line":89,"column":16}},"14":{"start":{"line":99,"column":14},"end":{"line":106,"column":15}},"15":{"start":{"line":100,"column":16},"end":{"line":103,"column":19}},"16":{"start":{"line":105,"column":16},"end":{"line":105,"column":29}}},"fnMap":{"0":{"name":"OnboardingScreen","decl":{"start":{"line":27,"column":24},"end":{"line":27,"column":40}},"loc":{"start":{"line":27,"column":43},"end":{"line":121,"column":1}},"line":27},"1":{"name":"(anonymous_1)","decl":{"start":{"line":32,"column":21},"end":{"line":32,"column":22}},"loc":{"start":{"line":32,"column":33},"end":{"line":35,"column":3}},"line":32},"2":{"name":"(anonymous_2)","decl":{"start":{"line":56,"column":26},"end":{"line":56,"column":27}},"loc":{"start":{"line":56,"column":36},"end":{"line":56,"column":48}},"line":56},"3":{"name":"(anonymous_3)","decl":{"start":{"line":57,"column":27},"end":{"line":57,"column":28}},"loc":{"start":{"line":57,"column":42},"end":{"line":61,"column":13}},"line":57},"4":{"name":"(anonymous_4)","decl":{"start":{"line":62,"column":35},"end":{"line":62,"column":36}},"loc":{"start":{"line":62,"column":41},"end":{"line":62,"column":43}},"line":62},"5":{"name":"(anonymous_5)","decl":{"start":{"line":63,"column":22},"end":{"line":63,"column":23}},"loc":{"start":{"line":63,"column":29},"end":{"line":69,"column":13}},"line":63},"6":{"name":"(anonymous_6)","decl":{"start":{"line":70,"column":24},"end":{"line":70,"column":25}},"loc":{"start":{"line":70,"column":38},"end":{"line":90,"column":13}},"line":70},"7":{"name":"(anonymous_7)","decl":{"start":{"line":98,"column":21},"end":{"line":98,"column":22}},"loc":{"start":{"line":98,"column":27},"end":{"line":107,"column":13}},"line":98}},"branchMap":{"0":{"loc":{"start":{"line":99,"column":14},"end":{"line":106,"column":15}},"type":"if","locations":[{"start":{"line":99,"column":14},"end":{"line":106,"column":15}},{"start":{"line":104,"column":21},"end":{"line":106,"column":15}}],"line":99},"1":{"loc":{"start":{"line":110,"column":15},"end":{"line":110,"column":61}},"type":"cond-expr","locations":[{"start":{"line":110,"column":44},"end":{"line":110,"column":52}},{"start":{"line":110,"column":55},"end":{"line":110,"column":61}}],"line":110}},"s":{"0":1,"1":48,"2":48,"3":48,"4":48,"5":13,"6":13,"7":48,"8":224,"9":33,"10":1,"11":1,"12":1,"13":144,"14":17,"15":16,"16":1},"f":{"0":48,"1":13,"2":224,"3":33,"4":1,"5":1,"6":144,"7":17},"b":{"0":[16,1],"1":[1,47]},"_coverageSchema":"1a1c01bbd47fc00a2c39e90264f33305004495a9","hash":"9b905f49f8c9485189f904f3e5a74bfe944af252"}
}
