TN:
SF:app\home\index.tsx
FN:8,HomeScreen
FN:83,(anonymous_1)
FN:96,(anonymous_2)
FN:103,(anonymous_3)
FN:104,(anonymous_4)
FN:165,(anonymous_5)
FN:169,(anonymous_6)
FN:177,(anonymous_7)
FN:201,(anonymous_8)
FN:208,(anonymous_9)
FN:223,(anonymous_10)
FN:230,(anonymous_11)
FN:242,(anonymous_12)
FN:261,(anonymous_13)
FN:268,(anonymous_14)
FN:280,(anonymous_15)
FN:290,(anonymous_16)
FN:316,(anonymous_17)
FN:336,(anonymous_18)
FN:340,(anonymous_19)
FN:356,(anonymous_20)
FN:360,(anonymous_21)
FN:383,(anonymous_22)
FN:388,(anonymous_23)
FN:398,(anonymous_24)
FN:412,(anonymous_25)
FN:412,(anonymous_26)
FN:418,(anonymous_27)
FN:418,(anonymous_28)
FN:440,(anonymous_29)
FNF:30
FNH:30
FNDA:225,HomeScreen
FNDA:19,(anonymous_1)
FNDA:22,(anonymous_2)
FNDA:16,(anonymous_3)
FNDA:16,(anonymous_4)
FNDA:900,(anonymous_5)
FNDA:4,(anonymous_6)
FNDA:19,(anonymous_7)
FNDA:3,(anonymous_8)
FNDA:13,(anonymous_9)
FNDA:1,(anonymous_10)
FNDA:7,(anonymous_11)
FNDA:8,(anonymous_12)
FNDA:3,(anonymous_13)
FNDA:8,(anonymous_14)
FNDA:5,(anonymous_15)
FNDA:2,(anonymous_16)
FNDA:7,(anonymous_17)
FNDA:4,(anonymous_18)
FNDA:10,(anonymous_19)
FNDA:1,(anonymous_20)
FNDA:1,(anonymous_21)
FNDA:2,(anonymous_22)
FNDA:3,(anonymous_23)
FNDA:7,(anonymous_24)
FNDA:9,(anonymous_25)
FNDA:9,(anonymous_26)
FNDA:3,(anonymous_27)
FNDA:3,(anonymous_28)
FNDA:1,(anonymous_29)
DA:9,225
DA:11,225
DA:12,225
DA:13,225
DA:14,225
DA:16,225
DA:17,225
DA:18,225
DA:20,225
DA:21,225
DA:22,225
DA:25,225
DA:32,225
DA:37,225
DA:56,225
DA:67,225
DA:83,225
DA:84,19
DA:85,7
DA:87,12
DA:88,12
DA:96,225
DA:99,22
DA:100,22
DA:103,225
DA:104,16
DA:105,16
DA:106,16
DA:108,4
DA:109,4
DA:110,4
DA:111,4
DA:113,3
DA:115,4
DA:117,4
DA:119,1
DA:122,16
DA:125,225
DA:166,900
DA:170,4
DA:171,4
DA:177,19
DA:202,3
DA:209,13
DA:224,1
DA:231,7
DA:242,8
DA:262,3
DA:269,8
DA:280,5
DA:290,2
DA:316,7
DA:337,4
DA:338,4
DA:341,10
DA:356,1
DA:360,1
DA:384,2
DA:385,2
DA:386,2
DA:389,3
DA:390,3
DA:391,3
DA:399,7
DA:400,7
DA:412,9
DA:418,3
DA:440,1
LF:68
LH:68
BRDA:84,0,0,7
BRDA:84,0,1,12
BRDA:106,1,0,4
BRDA:106,1,1,3
BRDA:106,1,2,4
BRDA:106,1,3,4
BRDA:106,1,4,1
BRDA:151,2,0,225
BRDA:151,2,1,3
BRDA:171,3,0,3
BRDA:171,3,1,1
BRDA:179,4,0,13
BRDA:179,4,1,887
BRDA:209,5,0,2
BRDA:209,5,1,11
BRDA:231,6,0,1
BRDA:231,6,1,6
BRDA:249,7,0,225
BRDA:249,7,1,217
BRDA:269,8,0,1
BRDA:269,8,1,7
BRDA:284,9,0,225
BRDA:284,9,1,219
BRDA:293,10,0,219
BRDA:293,10,1,6
BRDA:299,11,0,219
BRDA:299,11,1,6
BRDA:302,12,0,219
BRDA:302,12,1,6
BRDA:303,13,0,225
BRDA:303,13,1,224
BRDA:320,14,0,225
BRDA:320,14,1,220
BRDA:375,15,0,13
BRDA:375,15,1,212
BRDA:385,16,0,1
BRDA:385,16,1,1
BRDA:385,17,0,2
BRDA:385,17,1,1
BRDA:390,18,0,2
BRDA:390,18,1,1
BRDA:390,19,0,3
BRDA:390,19,1,3
BRDA:418,20,0,2
BRDA:418,20,1,1
BRDA:428,21,0,225
BRDA:428,21,1,32
BRDA:432,22,0,10
BRDA:432,22,1,22
BRDA:434,23,0,8
BRDA:434,23,1,14
BRDA:436,24,0,7
BRDA:436,24,1,7
BRF:53
BRH:53
end_of_record
TN:
SF:app\home\layout.tsx
FN:6,LayoutScreen
FN:20,(anonymous_1)
FN:34,(anonymous_2)
FN:38,(anonymous_3)
FN:45,(anonymous_4)
FN:46,(anonymous_5)
FN:69,(anonymous_6)
FNF:7
FNH:0
FNDA:0,LayoutScreen
FNDA:0,(anonymous_1)
FNDA:0,(anonymous_2)
FNDA:0,(anonymous_3)
FNDA:0,(anonymous_4)
FNDA:0,(anonymous_5)
FNDA:0,(anonymous_6)
DA:7,0
DA:8,0
DA:10,0
DA:20,0
DA:35,0
DA:38,0
DA:69,0
LF:7
LH:0
BRDA:40,0,0,0
BRDA:40,0,1,0
BRF:2
BRH:0
end_of_record
TN:
SF:app\home\save.tsx
FN:6,UserSave
FN:20,(anonymous_1)
FN:34,(anonymous_2)
FN:38,(anonymous_3)
FN:45,(anonymous_4)
FN:46,(anonymous_5)
FN:59,(anonymous_6)
FNF:7
FNH:7
FNDA:8,UserSave
FNDA:1,(anonymous_1)
FNDA:24,(anonymous_2)
FNDA:3,(anonymous_3)
FNDA:1,(anonymous_4)
FNDA:1,(anonymous_5)
FNDA:1,(anonymous_6)
DA:7,8
DA:8,8
DA:10,8
DA:20,1
DA:35,24
DA:38,3
DA:59,1
LF:7
LH:7
BRDA:40,0,0,3
BRDA:40,0,1,21
BRF:2
BRH:2
end_of_record
TN:
SF:app\onboarding\index.tsx
FN:27,OnboardingScreen
FN:32,(anonymous_1)
FN:56,(anonymous_2)
FN:57,(anonymous_3)
FN:62,(anonymous_4)
FN:63,(anonymous_5)
FN:70,(anonymous_6)
FN:98,(anonymous_7)
FNF:8
FNH:8
FNDA:48,OnboardingScreen
FNDA:13,(anonymous_1)
FNDA:224,(anonymous_2)
FNDA:33,(anonymous_3)
FNDA:1,(anonymous_4)
FNDA:1,(anonymous_5)
FNDA:144,(anonymous_6)
FNDA:17,(anonymous_7)
DA:6,1
DA:28,48
DA:29,48
DA:30,48
DA:32,48
DA:33,13
DA:34,13
DA:37,48
DA:56,224
DA:57,33
DA:64,1
DA:65,1
DA:68,1
DA:71,144
DA:99,17
DA:100,16
DA:105,1
LF:17
LH:17
BRDA:99,0,0,16
BRDA:99,0,1,1
BRDA:110,1,0,1
BRDA:110,1,1,47
BRF:4
BRH:4
end_of_record
